2019-04-09 11:30:23,094 INFO [root] [base.py (__init__:15] - [base]: 正在获取初始化driver对象:<selenium.webdriver.firefox.webdriver.WebDriver (session="6d0c094f-eaf1-40ee-953a-fdd9e7490916")>
2019-04-09 11:30:23,098 INFO [root] [page_login.py (page_click_login_link:12] - [page_loging] 执行：('partial link text', '登录') 点击链接操作
2019-04-09 11:30:23,098 INFO [root] [base.py (base_click:28] - [base]: 正在对:('partial link text', '登录') 元素实行点击事件
2019-04-09 11:30:23,099 INFO [root] [base.py (base_find:20] - [base]: 正在定位:('partial link text', '登录') 元素，默认定位超时时间为: 30
2019-04-09 11:31:45,044 INFO [root] [page_login.py (page_login:57] - [page_loging] 正在执行登录操作, 用户名：13800001111 密码：1234566, 验证码:8888
2019-04-09 11:32:42,358 INFO [root] [page_login.py (page_input_username:17] - [page_loging] 对：('css selector', '#username') 元素 输入用户名：13800001111 操作
2019-04-09 11:33:00,029 INFO [root] [base.py (base_find:20] - [base]: 正在定位:('css selector', '#username') 元素，默认定位超时时间为: 30
2019-04-09 11:33:02,396 INFO [root] [base.py (base_input:36] - [base]: 正在对:('css selector', '#username') 元素实行清空
2019-04-09 11:33:53,238 INFO [root] [page_login.py (page_input_pwd:22] - [page_loging] 对：('css selector', '#password') 元素 输入密码：1234566 操作
2019-04-09 11:33:53,240 INFO [root] [base.py (base_find:20] - [base]: 正在定位:('css selector', '#password') 元素，默认定位超时时间为: 30
2019-04-09 11:33:53,257 INFO [root] [base.py (base_input:36] - [base]: 正在对:('css selector', '#password') 元素实行清空
2019-04-09 11:33:58,868 INFO [root] [page_login.py (page_input_verify_code:27] - [page_loging] 对：('css selector', '#verify_code') 元素 输入验证码：8888 操作
2019-04-09 11:33:58,870 INFO [root] [base.py (base_find:20] - [base]: 正在定位:('css selector', '#verify_code') 元素，默认定位超时时间为: 30
2019-04-09 11:33:58,881 INFO [root] [base.py (base_input:36] - [base]: 正在对:('css selector', '#verify_code') 元素实行清空
2019-04-09 11:34:06,536 INFO [root] [base.py (base_click:28] - [base]: 正在对:('css selector', '.J-login-submit') 元素实行点击事件
2019-04-09 11:34:06,537 INFO [root] [base.py (base_find:20] - [base]: 正在定位:('css selector', '.J-login-submit') 元素，默认定位超时时间为: 30
2019-04-09 11:34:37,536 INFO [root] [base.py (base_get_text:43] - [base]: 正在获取:('css selector', '.layui-layer-content') 元素文本值
2019-04-09 11:34:37,537 INFO [root] [base.py (base_find:20] - [base]: 正在定位:('css selector', '.layui-layer-content') 元素，默认定位超时时间为: 30
2019-04-09 11:34:38,325 INFO [root] [base.py (base_click:28] - [base]: 正在对:('css selector', '.layui-layer-btn0') 元素实行点击事件
2019-04-09 11:34:38,326 INFO [root] [base.py (base_find:20] - [base]: 正在定位:('css selector', '.layui-layer-btn0') 元素，默认定位超时时间为: 30
2019-04-09 11:48:03,942 INFO [root] [base.py (__init__:15] - [base]: 正在获取初始化driver对象:<selenium.webdriver.firefox.webdriver.WebDriver (session="e96ae3e2-08bd-4f30-b62e-f1b6af950eec")>
2019-04-09 11:48:03,942 INFO [root] [page_login.py (page_click_login_link:12] - [page_loging] 执行：('partial link text', '登录') 点击链接操作
2019-04-09 11:48:03,942 INFO [root] [base.py (base_click:28] - [base]: 正在对:('partial link text', '登录') 元素实行点击事件
2019-04-09 11:48:03,943 INFO [root] [base.py (base_find:20] - [base]: 正在定位:('partial link text', '登录') 元素，默认定位超时时间为: 30
2019-04-09 11:48:05,949 INFO [root] [page_login.py (page_login_success:71] - [page_loging] 正在执行登录操作, 用户名：13800001111 密码：123456, 验证码:8888
2019-04-09 11:48:05,950 INFO [root] [page_login.py (page_input_username:17] - [page_loging] 对：('css selector', '#username') 元素 输入用户名：13800001111 操作
2019-04-09 11:48:05,950 INFO [root] [base.py (base_find:20] - [base]: 正在定位:('css selector', '#username') 元素，默认定位超时时间为: 30
2019-04-09 11:48:06,005 INFO [root] [base.py (base_input:36] - [base]: 正在对:('css selector', '#username') 元素实行清空
2019-04-09 11:48:06,083 INFO [root] [page_login.py (page_input_pwd:22] - [page_loging] 对：('css selector', '#password') 元素 输入密码：123456 操作
2019-04-09 11:48:06,083 INFO [root] [base.py (base_find:20] - [base]: 正在定位:('css selector', '#password') 元素，默认定位超时时间为: 30
2019-04-09 11:48:06,093 INFO [root] [base.py (base_input:36] - [base]: 正在对:('css selector', '#password') 元素实行清空
2019-04-09 11:48:06,160 INFO [root] [page_login.py (page_input_verify_code:27] - [page_loging] 对：('css selector', '#verify_code') 元素 输入验证码：8888 操作
2019-04-09 11:48:06,160 INFO [root] [base.py (base_find:20] - [base]: 正在定位:('css selector', '#verify_code') 元素，默认定位超时时间为: 30
2019-04-09 11:48:06,171 INFO [root] [base.py (base_input:36] - [base]: 正在对:('css selector', '#verify_code') 元素实行清空
2019-04-09 11:48:06,230 INFO [root] [base.py (base_click:28] - [base]: 正在对:('css selector', '.J-login-submit') 元素实行点击事件
2019-04-09 11:48:06,231 INFO [root] [base.py (base_find:20] - [base]: 正在定位:('css selector', '.J-login-submit') 元素，默认定位超时时间为: 30
2019-04-09 11:48:06,372 INFO [root] [base.py (__init__:15] - [base]: 正在获取初始化driver对象:<selenium.webdriver.firefox.webdriver.WebDriver (session="e96ae3e2-08bd-4f30-b62e-f1b6af950eec")>
2019-04-09 11:48:08,258 INFO [root] [base.py (base_click:28] - [base]: 正在对:('css selector', '.c-n') 元素实行点击事件
2019-04-09 11:48:08,259 INFO [root] [base.py (base_find:20] - [base]: 正在定位:('css selector', '.c-n') 元素，默认定位超时时间为: 30
2019-04-09 11:48:10,745 INFO [root] [base.py (base_find:20] - [base]: 正在定位:('css selector', '.checkCartAll') 元素，默认定位超时时间为: 30
2019-04-09 11:48:57,777 INFO [root] [base.py (__init__:15] - [base]: 正在获取初始化driver对象:<selenium.webdriver.firefox.webdriver.WebDriver (session="47ed77cd-6fa3-420f-8c24-c3f5576e6d3f")>
2019-04-09 11:48:57,777 INFO [root] [base.py (__init__:15] - [base]: 正在获取初始化driver对象:<selenium.webdriver.firefox.webdriver.WebDriver (session="47ed77cd-6fa3-420f-8c24-c3f5576e6d3f")>
2019-04-09 11:48:57,777 INFO [root] [page_login.py (page_click_login_link:12] - [page_loging] 执行：('partial link text', '登录') 点击链接操作
2019-04-09 11:48:57,778 INFO [root] [base.py (base_click:28] - [base]: 正在对:('partial link text', '登录') 元素实行点击事件
2019-04-09 11:48:57,778 INFO [root] [base.py (base_find:20] - [base]: 正在定位:('partial link text', '登录') 元素，默认定位超时时间为: 30
2019-04-09 11:48:58,151 INFO [root] [page_login.py (page_login_success:71] - [page_loging] 正在执行登录操作, 用户名：13800001111 密码：123456, 验证码:8888
2019-04-09 11:48:58,151 INFO [root] [page_login.py (page_input_username:17] - [page_loging] 对：('css selector', '#username') 元素 输入用户名：13800001111 操作
2019-04-09 11:48:58,151 INFO [root] [base.py (base_find:20] - [base]: 正在定位:('css selector', '#username') 元素，默认定位超时时间为: 30
2019-04-09 11:49:00,807 INFO [root] [base.py (base_input:36] - [base]: 正在对:('css selector', '#username') 元素实行清空
2019-04-09 11:49:00,942 INFO [root] [page_login.py (page_input_pwd:22] - [page_loging] 对：('css selector', '#password') 元素 输入密码：123456 操作
2019-04-09 11:49:00,942 INFO [root] [base.py (base_find:20] - [base]: 正在定位:('css selector', '#password') 元素，默认定位超时时间为: 30
2019-04-09 11:49:00,993 INFO [root] [base.py (base_input:36] - [base]: 正在对:('css selector', '#password') 元素实行清空
2019-04-09 11:49:01,110 INFO [root] [page_login.py (page_input_verify_code:27] - [page_loging] 对：('css selector', '#verify_code') 元素 输入验证码：8888 操作
2019-04-09 11:49:01,111 INFO [root] [base.py (base_find:20] - [base]: 正在定位:('css selector', '#verify_code') 元素，默认定位超时时间为: 30
2019-04-09 11:49:01,119 INFO [root] [base.py (base_input:36] - [base]: 正在对:('css selector', '#verify_code') 元素实行清空
2019-04-09 11:49:01,214 INFO [root] [base.py (base_click:28] - [base]: 正在对:('css selector', '.J-login-submit') 元素实行点击事件
2019-04-09 11:49:01,214 INFO [root] [base.py (base_find:20] - [base]: 正在定位:('css selector', '.J-login-submit') 元素，默认定位超时时间为: 30
2019-04-09 11:49:03,341 INFO [root] [base.py (base_find:20] - [base]: 正在定位:('css selector', '#q') 元素，默认定位超时时间为: 30
2019-04-09 11:49:05,836 INFO [root] [base.py (base_input:36] - [base]: 正在对:('css selector', '#q') 元素实行清空
2019-04-09 11:49:05,920 INFO [root] [base.py (base_click:28] - [base]: 正在对:('css selector', '.ecsc-search-button') 元素实行点击事件
2019-04-09 11:49:05,921 INFO [root] [base.py (base_find:20] - [base]: 正在定位:('css selector', '.ecsc-search-button') 元素，默认定位超时时间为: 30
2019-04-09 11:49:09,680 INFO [root] [base.py (base_click:28] - [base]: 正在对:('css selector', '.p-btn>a') 元素实行点击事件
2019-04-09 11:49:09,681 INFO [root] [base.py (base_find:20] - [base]: 正在定位:('css selector', '.p-btn>a') 元素，默认定位超时时间为: 30
2019-04-09 11:49:09,839 INFO [root] [base.py (base_click:28] - [base]: 正在对:('css selector', '#join_cart') 元素实行点击事件
2019-04-09 11:49:09,839 INFO [root] [base.py (base_find:20] - [base]: 正在定位:('css selector', '#join_cart') 元素，默认定位超时时间为: 30
2019-04-09 11:49:16,308 INFO [root] [base.py (base_find:20] - [base]: 正在定位:('css selector', '#layui-layer-iframe1') 元素，默认定位超时时间为: 30
2019-04-09 11:49:18,239 INFO [root] [base.py (base_get_text:43] - [base]: 正在获取:('css selector', '.conect-title>span') 元素文本值
2019-04-09 11:49:18,239 INFO [root] [base.py (base_find:20] - [base]: 正在定位:('css selector', '.conect-title>span') 元素，默认定位超时时间为: 30
2019-04-09 11:49:18,296 INFO [root] [base.py (base_click:28] - [base]: 正在对:('css selector', '.layui-layer-close') 元素实行点击事件
2019-04-09 11:49:18,296 INFO [root] [base.py (base_find:20] - [base]: 正在定位:('css selector', '.layui-layer-close') 元素，默认定位超时时间为: 30
2019-04-09 11:49:36,761 INFO [root] [base.py (__init__:15] - [base]: 正在获取初始化driver对象:<selenium.webdriver.firefox.webdriver.WebDriver (session="93d53a17-c145-4645-8c1b-9f05f258b8df")>
2019-04-09 11:49:36,761 INFO [root] [page_login.py (page_click_login_link:12] - [page_loging] 执行：('partial link text', '登录') 点击链接操作
2019-04-09 11:49:36,762 INFO [root] [base.py (base_click:28] - [base]: 正在对:('partial link text', '登录') 元素实行点击事件
2019-04-09 11:49:36,762 INFO [root] [base.py (base_find:20] - [base]: 正在定位:('partial link text', '登录') 元素，默认定位超时时间为: 30
2019-04-09 11:49:37,110 INFO [root] [page_login.py (page_login_success:71] - [page_loging] 正在执行登录操作, 用户名：13800001111 密码：123456, 验证码:8888
2019-04-09 11:49:37,110 INFO [root] [page_login.py (page_input_username:17] - [page_loging] 对：('css selector', '#username') 元素 输入用户名：13800001111 操作
2019-04-09 11:49:37,110 INFO [root] [base.py (base_find:20] - [base]: 正在定位:('css selector', '#username') 元素，默认定位超时时间为: 30
2019-04-09 11:49:39,916 INFO [root] [base.py (base_input:36] - [base]: 正在对:('css selector', '#username') 元素实行清空
2019-04-09 11:49:40,013 INFO [root] [page_login.py (page_input_pwd:22] - [page_loging] 对：('css selector', '#password') 元素 输入密码：123456 操作
2019-04-09 11:49:40,014 INFO [root] [base.py (base_find:20] - [base]: 正在定位:('css selector', '#password') 元素，默认定位超时时间为: 30
2019-04-09 11:49:40,048 INFO [root] [base.py (base_input:36] - [base]: 正在对:('css selector', '#password') 元素实行清空
2019-04-09 11:49:40,148 INFO [root] [page_login.py (page_input_verify_code:27] - [page_loging] 对：('css selector', '#verify_code') 元素 输入验证码：8888 操作
2019-04-09 11:49:40,148 INFO [root] [base.py (base_find:20] - [base]: 正在定位:('css selector', '#verify_code') 元素，默认定位超时时间为: 30
2019-04-09 11:49:40,195 INFO [root] [base.py (base_input:36] - [base]: 正在对:('css selector', '#verify_code') 元素实行清空
2019-04-09 11:49:40,250 INFO [root] [base.py (base_click:28] - [base]: 正在对:('css selector', '.J-login-submit') 元素实行点击事件
2019-04-09 11:49:40,251 INFO [root] [base.py (base_find:20] - [base]: 正在定位:('css selector', '.J-login-submit') 元素，默认定位超时时间为: 30
2019-04-09 11:49:40,349 INFO [root] [base.py (__init__:15] - [base]: 正在获取初始化driver对象:<selenium.webdriver.firefox.webdriver.WebDriver (session="93d53a17-c145-4645-8c1b-9f05f258b8df")>
2019-04-09 11:49:42,373 INFO [root] [base.py (base_click:28] - [base]: 正在对:('css selector', '.c-n') 元素实行点击事件
2019-04-09 11:49:42,374 INFO [root] [base.py (base_find:20] - [base]: 正在定位:('css selector', '.c-n') 元素，默认定位超时时间为: 30
2019-04-09 11:49:47,236 INFO [root] [base.py (base_find:20] - [base]: 正在定位:('css selector', '.checkCartAll') 元素，默认定位超时时间为: 30
2019-04-09 11:49:47,302 INFO [root] [base.py (base_click:28] - [base]: 正在对:('css selector', '.gwc-qjs') 元素实行点击事件
2019-04-09 11:49:47,302 INFO [root] [base.py (base_find:20] - [base]: 正在定位:('css selector', '.gwc-qjs') 元素，默认定位超时时间为: 30
2019-04-09 11:49:49,444 INFO [root] [base.py (base_click:28] - [base]: 正在对:('css selector', '.Sub-orders') 元素实行点击事件
2019-04-09 11:49:49,444 INFO [root] [base.py (base_find:20] - [base]: 正在定位:('css selector', '.Sub-orders') 元素，默认定位超时时间为: 30
2019-04-09 11:49:49,664 INFO [root] [base.py (base_get_text:43] - [base]: 正在获取:('css selector', '.erhuh>h3') 元素文本值
2019-04-09 11:49:49,664 INFO [root] [base.py (base_find:20] - [base]: 正在定位:('css selector', '.erhuh>h3') 元素，默认定位超时时间为: 30
2019-04-09 11:50:49,185 INFO [root] [base.py (__init__:15] - [base]: 正在获取初始化driver对象:<selenium.webdriver.firefox.webdriver.WebDriver (session="d99e3189-4193-41cc-98bf-3cf0bedcf806")>
2019-04-09 11:50:49,185 INFO [root] [page_login.py (page_click_login_link:12] - [page_loging] 执行：('partial link text', '登录') 点击链接操作
2019-04-09 11:50:49,186 INFO [root] [base.py (base_click:28] - [base]: 正在对:('partial link text', '登录') 元素实行点击事件
2019-04-09 11:50:49,186 INFO [root] [base.py (base_find:20] - [base]: 正在定位:('partial link text', '登录') 元素，默认定位超时时间为: 30
2019-04-09 11:50:49,467 INFO [root] [page_login.py (page_login_success:71] - [page_loging] 正在执行登录操作, 用户名：13800001111 密码：123456, 验证码:8888
2019-04-09 11:50:49,468 INFO [root] [page_login.py (page_input_username:17] - [page_loging] 对：('css selector', '#username') 元素 输入用户名：13800001111 操作
2019-04-09 11:50:49,468 INFO [root] [base.py (base_find:20] - [base]: 正在定位:('css selector', '#username') 元素，默认定位超时时间为: 30
2019-04-09 11:50:51,236 INFO [root] [base.py (base_input:36] - [base]: 正在对:('css selector', '#username') 元素实行清空
2019-04-09 11:50:51,384 INFO [root] [page_login.py (page_input_pwd:22] - [page_loging] 对：('css selector', '#password') 元素 输入密码：123456 操作
2019-04-09 11:50:51,384 INFO [root] [base.py (base_find:20] - [base]: 正在定位:('css selector', '#password') 元素，默认定位超时时间为: 30
2019-04-09 11:50:51,398 INFO [root] [base.py (base_input:36] - [base]: 正在对:('css selector', '#password') 元素实行清空
2019-04-09 11:50:51,480 INFO [root] [page_login.py (page_input_verify_code:27] - [page_loging] 对：('css selector', '#verify_code') 元素 输入验证码：8888 操作
2019-04-09 11:50:51,481 INFO [root] [base.py (base_find:20] - [base]: 正在定位:('css selector', '#verify_code') 元素，默认定位超时时间为: 30
2019-04-09 11:50:51,518 INFO [root] [base.py (base_input:36] - [base]: 正在对:('css selector', '#verify_code') 元素实行清空
2019-04-09 11:50:51,624 INFO [root] [base.py (base_click:28] - [base]: 正在对:('css selector', '.J-login-submit') 元素实行点击事件
2019-04-09 11:50:51,624 INFO [root] [base.py (base_find:20] - [base]: 正在定位:('css selector', '.J-login-submit') 元素，默认定位超时时间为: 30
2019-04-09 11:50:51,727 INFO [root] [base.py (__init__:15] - [base]: 正在获取初始化driver对象:<selenium.webdriver.firefox.webdriver.WebDriver (session="d99e3189-4193-41cc-98bf-3cf0bedcf806")>
2019-04-09 11:50:53,746 INFO [root] [base.py (base_click:28] - [base]: 正在对:('css selector', '.c-n') 元素实行点击事件
2019-04-09 11:50:53,747 INFO [root] [base.py (base_find:20] - [base]: 正在定位:('css selector', '.c-n') 元素，默认定位超时时间为: 30
2019-04-09 11:50:55,724 INFO [root] [base.py (base_find:20] - [base]: 正在定位:('css selector', '.checkCartAll') 元素，默认定位超时时间为: 30
2019-04-09 11:50:59,884 INFO [root] [base.py (base_click:28] - [base]: 正在对:('css selector', '.gwc-qjs') 元素实行点击事件
2019-04-09 11:50:59,884 INFO [root] [base.py (base_find:20] - [base]: 正在定位:('css selector', '.gwc-qjs') 元素，默认定位超时时间为: 30
2019-04-09 11:51:06,764 INFO [root] [base.py (base_click:28] - [base]: 正在对:('css selector', '.Sub-orders') 元素实行点击事件
2019-04-09 11:51:06,764 INFO [root] [base.py (base_find:20] - [base]: 正在定位:('css selector', '.Sub-orders') 元素，默认定位超时时间为: 30
2019-04-09 11:51:06,934 INFO [root] [base.py (base_get_text:43] - [base]: 正在获取:('css selector', '.erhuh>h3') 元素文本值
2019-04-09 11:51:06,934 INFO [root] [base.py (base_find:20] - [base]: 正在定位:('css selector', '.erhuh>h3') 元素，默认定位超时时间为: 30
2019-04-09 12:02:55,057 INFO [root] [base.py (__init__:15] - [base]: 正在获取初始化driver对象:<selenium.webdriver.firefox.webdriver.WebDriver (session="f7c6db60-0233-412e-9f78-01e231c98257")>
2019-04-09 12:02:55,057 INFO [root] [page_login.py (page_click_login_link:12] - [page_loging] 执行：('partial link text', '登录') 点击链接操作
2019-04-09 12:02:55,058 INFO [root] [base.py (base_click:28] - [base]: 正在对:('partial link text', '登录') 元素实行点击事件
2019-04-09 12:02:55,058 INFO [root] [base.py (base_find:20] - [base]: 正在定位:('partial link text', '登录') 元素，默认定位超时时间为: 30
2019-04-09 12:02:58,158 INFO [root] [page_login.py (page_login_success:71] - [page_loging] 正在执行登录操作, 用户名：13800001111 密码：123456, 验证码:8888
2019-04-09 12:02:58,158 INFO [root] [page_login.py (page_input_username:17] - [page_loging] 对：('css selector', '#username') 元素 输入用户名：13800001111 操作
2019-04-09 12:02:58,159 INFO [root] [base.py (base_find:20] - [base]: 正在定位:('css selector', '#username') 元素，默认定位超时时间为: 30
2019-04-09 12:02:58,184 INFO [root] [base.py (base_input:36] - [base]: 正在对:('css selector', '#username') 元素实行清空
2019-04-09 12:02:58,270 INFO [root] [page_login.py (page_input_pwd:22] - [page_loging] 对：('css selector', '#password') 元素 输入密码：123456 操作
2019-04-09 12:02:58,270 INFO [root] [base.py (base_find:20] - [base]: 正在定位:('css selector', '#password') 元素，默认定位超时时间为: 30
2019-04-09 12:02:58,304 INFO [root] [base.py (base_input:36] - [base]: 正在对:('css selector', '#password') 元素实行清空
2019-04-09 12:02:58,424 INFO [root] [page_login.py (page_input_verify_code:27] - [page_loging] 对：('css selector', '#verify_code') 元素 输入验证码：8888 操作
2019-04-09 12:02:58,424 INFO [root] [base.py (base_find:20] - [base]: 正在定位:('css selector', '#verify_code') 元素，默认定位超时时间为: 30
2019-04-09 12:02:58,436 INFO [root] [base.py (base_input:36] - [base]: 正在对:('css selector', '#verify_code') 元素实行清空
2019-04-09 12:02:58,521 INFO [root] [base.py (base_click:28] - [base]: 正在对:('css selector', '.J-login-submit') 元素实行点击事件
2019-04-09 12:02:58,521 INFO [root] [base.py (base_find:20] - [base]: 正在定位:('css selector', '.J-login-submit') 元素，默认定位超时时间为: 30
2019-04-09 12:02:58,644 INFO [root] [base.py (__init__:15] - [base]: 正在获取初始化driver对象:<selenium.webdriver.firefox.webdriver.WebDriver (session="f7c6db60-0233-412e-9f78-01e231c98257")>
2019-04-09 12:03:00,681 INFO [root] [base.py (base_click:28] - [base]: 正在对:('css selector', '.c-n') 元素实行点击事件
2019-04-09 12:03:00,681 INFO [root] [base.py (base_find:20] - [base]: 正在定位:('css selector', '.c-n') 元素，默认定位超时时间为: 30
2019-04-09 12:03:05,021 INFO [root] [base.py (base_find:20] - [base]: 正在定位:('css selector', '.checkCartAll') 元素，默认定位超时时间为: 30
2019-04-09 12:03:05,170 INFO [root] [base.py (base_click:28] - [base]: 正在对:('css selector', '.gwc-qjs') 元素实行点击事件
2019-04-09 12:03:05,170 INFO [root] [base.py (base_find:20] - [base]: 正在定位:('css selector', '.gwc-qjs') 元素，默认定位超时时间为: 30
2019-04-09 12:03:07,175 INFO [root] [base.py (base_find:20] - [base]: 正在定位:('css selector', '.consignee>b') 元素，默认定位超时时间为: 30
2019-04-09 12:03:09,241 INFO [root] [base.py (base_click:28] - [base]: 正在对:('css selector', '.Sub-orders') 元素实行点击事件
2019-04-09 12:03:09,241 INFO [root] [base.py (base_find:20] - [base]: 正在定位:('css selector', '.Sub-orders') 元素，默认定位超时时间为: 30
2019-04-09 12:03:09,340 INFO [root] [base.py (base_get_text:43] - [base]: 正在获取:('css selector', '.erhuh>h3') 元素文本值
2019-04-09 12:03:09,340 INFO [root] [base.py (base_find:20] - [base]: 正在定位:('css selector', '.erhuh>h3') 元素，默认定位超时时间为: 30
2019-04-09 16:39:49,845 INFO [root] [base.py (__init__:16] - [base]: 正在获取初始化driver对象:<selenium.webdriver.firefox.webdriver.WebDriver (session="6e046625-138e-45bb-ace8-a08ecfd2d807")>
2019-04-09 16:39:49,846 INFO [root] [page_login.py (page_click_login_link:12] - [page_loging] 执行：('partial link text', '登录') 点击链接操作
2019-04-09 16:39:49,846 INFO [root] [base.py (base_click:29] - [base]: 正在对:('partial link text', '登录') 元素实行点击事件
2019-04-09 16:39:49,846 INFO [root] [base.py (base_find:21] - [base]: 正在定位:('partial link text', '登录') 元素，默认定位超时时间为: 30
2019-04-09 16:39:52,911 INFO [root] [page_login.py (page_login_success:71] - [page_loging] 正在执行登录操作, 用户名：13800001111 密码：123456, 验证码:8888
2019-04-09 16:39:52,911 INFO [root] [page_login.py (page_input_username:17] - [page_loging] 对：('css selector', '#username') 元素 输入用户名：13800001111 操作
2019-04-09 16:39:52,911 INFO [root] [base.py (base_find:21] - [base]: 正在定位:('css selector', '#username') 元素，默认定位超时时间为: 30
2019-04-09 16:39:52,985 INFO [root] [base.py (base_input:37] - [base]: 正在对:('css selector', '#username') 元素实行清空
2019-04-09 16:39:53,068 INFO [root] [page_login.py (page_input_pwd:22] - [page_loging] 对：('css selector', '#password') 元素 输入密码：123456 操作
2019-04-09 16:39:53,068 INFO [root] [base.py (base_find:21] - [base]: 正在定位:('css selector', '#password') 元素，默认定位超时时间为: 30
2019-04-09 16:39:53,080 INFO [root] [base.py (base_input:37] - [base]: 正在对:('css selector', '#password') 元素实行清空
2019-04-09 16:39:53,170 INFO [root] [page_login.py (page_input_verify_code:27] - [page_loging] 对：('css selector', '#verify_code') 元素 输入验证码：8888 操作
2019-04-09 16:39:53,170 INFO [root] [base.py (base_find:21] - [base]: 正在定位:('css selector', '#verify_code') 元素，默认定位超时时间为: 30
2019-04-09 16:39:53,209 INFO [root] [base.py (base_input:37] - [base]: 正在对:('css selector', '#verify_code') 元素实行清空
2019-04-09 16:39:53,312 INFO [root] [base.py (base_click:29] - [base]: 正在对:('css selector', '.J-login-submit') 元素实行点击事件
2019-04-09 16:39:53,312 INFO [root] [base.py (base_find:21] - [base]: 正在定位:('css selector', '.J-login-submit') 元素，默认定位超时时间为: 30
2019-04-09 16:39:53,436 INFO [root] [base.py (__init__:16] - [base]: 正在获取初始化driver对象:<selenium.webdriver.firefox.webdriver.WebDriver (session="6e046625-138e-45bb-ace8-a08ecfd2d807")>
2019-04-09 16:39:55,495 INFO [root] [base.py (base_click:29] - [base]: 正在对:('partial link text', '我的订单') 元素实行点击事件
2019-04-09 16:39:55,496 INFO [root] [base.py (base_find:21] - [base]: 正在定位:('partial link text', '我的订单') 元素，默认定位超时时间为: 30
2019-04-09 16:39:58,018 INFO [root] [base.py (base_switch_to_window:77] - 正在执行切换title值为：我的订单窗口 
2019-04-09 16:39:58,093 INFO [root] [base.py (base_get_title_handle:84] - 正在遍历handles：{482cc588-f34e-49e6-9772-143a64c42e8a}-->['{482cc588-f34e-49e6-9772-143a64c42e8a}', '{8de36aaa-5c1a-4230-bf43-d7aae1489cf1}']
2019-04-09 16:39:58,157 INFO [root] [base.py (base_get_title_handle:87] - 切换 :{482cc588-f34e-49e6-9772-143a64c42e8a} 窗口
2019-04-09 16:39:58,205 INFO [root] [base.py (base_get_title_handle:89] - 判断当前页面title:首页-开源商城 | B2C商城 | B2B2C商城 | 三级分销 | 免费商城 | 多用户商城 | tpshop｜thinkphp shop｜TPshop 免费开源系统 | 微商城 是否等于指定的title:我的订单
2019-04-09 16:39:58,229 INFO [root] [base.py (base_get_title_handle:84] - 正在遍历handles：{8de36aaa-5c1a-4230-bf43-d7aae1489cf1}-->['{482cc588-f34e-49e6-9772-143a64c42e8a}', '{8de36aaa-5c1a-4230-bf43-d7aae1489cf1}']
2019-04-09 16:39:58,266 INFO [root] [base.py (base_get_title_handle:87] - 切换 :{8de36aaa-5c1a-4230-bf43-d7aae1489cf1} 窗口
2019-04-09 16:40:00,806 INFO [root] [base.py (base_get_title_handle:89] - 判断当前页面title:我的订单 是否等于指定的title:我的订单
2019-04-09 16:40:00,878 INFO [root] [base.py (base_get_title_handle:91] - 条件成立！ 返回当前handle{8de36aaa-5c1a-4230-bf43-d7aae1489cf1}
2019-04-09 16:40:00,878 INFO [root] [base.py (base_click:29] - [base]: 正在对:('css selector', '.ps_lj') 元素实行点击事件
2019-04-09 16:40:00,879 INFO [root] [base.py (base_find:21] - [base]: 正在定位:('css selector', '.ps_lj') 元素，默认定位超时时间为: 30
2019-04-09 16:40:01,336 INFO [root] [base.py (base_switch_to_window:77] - 正在执行切换title值为：订单支付-开源商城 | B2C商城 | B2B2C商城 | 三级分销 | 免费商城 | 多用户商城 | tpshop｜thinkphp shop｜TPshop 免费开源系统 | 微商城窗口 
2019-04-09 16:40:01,686 INFO [root] [base.py (base_get_title_handle:84] - 正在遍历handles：{482cc588-f34e-49e6-9772-143a64c42e8a}-->['{482cc588-f34e-49e6-9772-143a64c42e8a}', '{8de36aaa-5c1a-4230-bf43-d7aae1489cf1}', '{ddb48ece-27da-437f-96a7-33ea625a0f0f}']
2019-04-09 16:40:01,760 INFO [root] [base.py (base_get_title_handle:87] - 切换 :{482cc588-f34e-49e6-9772-143a64c42e8a} 窗口
2019-04-09 16:40:01,776 INFO [root] [base.py (base_get_title_handle:89] - 判断当前页面title:首页-开源商城 | B2C商城 | B2B2C商城 | 三级分销 | 免费商城 | 多用户商城 | tpshop｜thinkphp shop｜TPshop 免费开源系统 | 微商城 是否等于指定的title:订单支付-开源商城 | B2C商城 | B2B2C商城 | 三级分销 | 免费商城 | 多用户商城 | tpshop｜thinkphp shop｜TPshop 免费开源系统 | 微商城
2019-04-09 16:40:01,794 INFO [root] [base.py (base_get_title_handle:84] - 正在遍历handles：{8de36aaa-5c1a-4230-bf43-d7aae1489cf1}-->['{482cc588-f34e-49e6-9772-143a64c42e8a}', '{8de36aaa-5c1a-4230-bf43-d7aae1489cf1}', '{ddb48ece-27da-437f-96a7-33ea625a0f0f}']
2019-04-09 16:40:01,901 INFO [root] [base.py (base_get_title_handle:87] - 切换 :{8de36aaa-5c1a-4230-bf43-d7aae1489cf1} 窗口
2019-04-09 16:40:02,643 INFO [root] [base.py (base_get_title_handle:89] - 判断当前页面title:我的订单 是否等于指定的title:订单支付-开源商城 | B2C商城 | B2B2C商城 | 三级分销 | 免费商城 | 多用户商城 | tpshop｜thinkphp shop｜TPshop 免费开源系统 | 微商城
2019-04-09 16:40:02,709 INFO [root] [base.py (base_get_title_handle:84] - 正在遍历handles：{ddb48ece-27da-437f-96a7-33ea625a0f0f}-->['{482cc588-f34e-49e6-9772-143a64c42e8a}', '{8de36aaa-5c1a-4230-bf43-d7aae1489cf1}', '{ddb48ece-27da-437f-96a7-33ea625a0f0f}']
2019-04-09 16:40:03,019 INFO [root] [base.py (base_get_title_handle:87] - 切换 :{ddb48ece-27da-437f-96a7-33ea625a0f0f} 窗口
2019-04-09 16:40:06,688 INFO [root] [base.py (base_get_title_handle:89] - 判断当前页面title:订单支付-开源商城 | B2C商城 | B2B2C商城 | 三级分销 | 免费商城 | 多用户商城 | tpshop｜thinkphp shop｜TPshop 免费开源系统 | 微商城 是否等于指定的title:订单支付-开源商城 | B2C商城 | B2B2C商城 | 三级分销 | 免费商城 | 多用户商城 | tpshop｜thinkphp shop｜TPshop 免费开源系统 | 微商城
2019-04-09 16:40:06,702 INFO [root] [base.py (base_get_title_handle:91] - 条件成立！ 返回当前handle{ddb48ece-27da-437f-96a7-33ea625a0f0f}
2019-04-09 16:40:06,702 INFO [root] [base.py (base_click:29] - [base]: 正在对:('css selector', "[src='/plugins/payment/cod/logo.jpg']") 元素实行点击事件
2019-04-09 16:40:06,703 INFO [root] [base.py (base_find:21] - [base]: 正在定位:('css selector', "[src='/plugins/payment/cod/logo.jpg']") 元素，默认定位超时时间为: 30
2019-04-09 16:40:06,887 INFO [root] [base.py (base_click:29] - [base]: 正在对:('css selector', '.button-confirm-payment') 元素实行点击事件
2019-04-09 16:40:06,887 INFO [root] [base.py (base_find:21] - [base]: 正在定位:('css selector', '.button-confirm-payment') 元素，默认定位超时时间为: 30
2019-04-09 16:40:08,471 INFO [root] [base.py (base_get_text:44] - [base]: 正在获取:('css selector', '.erhuh>h3') 元素文本值
2019-04-09 16:40:08,471 INFO [root] [base.py (base_find:21] - [base]: 正在定位:('css selector', '.erhuh>h3') 元素，默认定位超时时间为: 30
2019-04-09 16:40:10,221 INFO [root] [base.py (base_get_text:44] - [base]: 正在获取:('css selector', '.erhuh>h3') 元素文本值
2019-04-09 16:40:10,222 INFO [root] [base.py (base_find:21] - [base]: 正在定位:('css selector', '.erhuh>h3') 元素，默认定位超时时间为: 30
2019-04-09 17:22:50,416 INFO [root] [base.py (__init__:16] - [base]: 正在获取初始化driver对象:<selenium.webdriver.firefox.webdriver.WebDriver (session="0de43a26-34cf-49a5-925b-80c2f3a52cca")>
2019-04-09 17:22:50,416 INFO [root] [page_login.py (page_click_login_link:12] - [page_loging] 执行：('partial link text', '登录') 点击链接操作
2019-04-09 17:22:50,416 INFO [root] [base.py (base_click:29] - [base]: 正在对:('partial link text', '登录') 元素实行点击事件
2019-04-09 17:22:50,417 INFO [root] [base.py (base_find:21] - [base]: 正在定位:('partial link text', '登录') 元素，默认定位超时时间为: 30
2019-04-09 17:22:52,852 INFO [root] [page_login.py (page_login:57] - [page_loging] 正在执行登录操作, 用户名：13800001111 密码：1234566, 验证码:8888
2019-04-09 17:22:52,853 INFO [root] [page_login.py (page_input_username:17] - [page_loging] 对：('css selector', '#username') 元素 输入用户名：13800001111 操作
2019-04-09 17:22:52,853 INFO [root] [base.py (base_find:21] - [base]: 正在定位:('css selector', '#username') 元素，默认定位超时时间为: 30
2019-04-09 17:22:52,889 INFO [root] [base.py (base_input:37] - [base]: 正在对:('css selector', '#username') 元素实行清空
2019-04-09 17:22:52,985 INFO [root] [page_login.py (page_input_pwd:22] - [page_loging] 对：('css selector', '#password') 元素 输入密码：1234566 操作
2019-04-09 17:22:52,985 INFO [root] [base.py (base_find:21] - [base]: 正在定位:('css selector', '#password') 元素，默认定位超时时间为: 30
2019-04-09 17:22:52,995 INFO [root] [base.py (base_input:37] - [base]: 正在对:('css selector', '#password') 元素实行清空
2019-04-09 17:22:53,105 INFO [root] [page_login.py (page_input_verify_code:27] - [page_loging] 对：('css selector', '#verify_code') 元素 输入验证码：8888 操作
2019-04-09 17:22:53,105 INFO [root] [base.py (base_find:21] - [base]: 正在定位:('css selector', '#verify_code') 元素，默认定位超时时间为: 30
2019-04-09 17:22:53,114 INFO [root] [base.py (base_input:37] - [base]: 正在对:('css selector', '#verify_code') 元素实行清空
2019-04-09 17:22:53,186 INFO [root] [base.py (base_click:29] - [base]: 正在对:('css selector', '.J-login-submit') 元素实行点击事件
2019-04-09 17:22:53,186 INFO [root] [base.py (base_find:21] - [base]: 正在定位:('css selector', '.J-login-submit') 元素，默认定位超时时间为: 30
2019-04-09 17:22:53,283 INFO [root] [base.py (base_get_text:44] - [base]: 正在获取:('css selector', '.layui-layer-content') 元素文本值
2019-04-09 17:22:53,283 INFO [root] [base.py (base_find:21] - [base]: 正在定位:('css selector', '.layui-layer-content') 元素，默认定位超时时间为: 30
2019-04-09 17:22:55,688 INFO [root] [base.py (base_click:29] - [base]: 正在对:('css selector', '.layui-layer-btn0') 元素实行点击事件
2019-04-09 17:22:55,688 INFO [root] [base.py (base_find:21] - [base]: 正在定位:('css selector', '.layui-layer-btn0') 元素，默认定位超时时间为: 30
2019-04-09 17:22:55,768 INFO [root] [page_login.py (page_login:57] - [page_loging] 正在执行登录操作, 用户名：13800001111 密码：123456, 验证码:88889
2019-04-09 17:22:55,769 INFO [root] [page_login.py (page_input_username:17] - [page_loging] 对：('css selector', '#username') 元素 输入用户名：13800001111 操作
2019-04-09 17:22:55,769 INFO [root] [base.py (base_find:21] - [base]: 正在定位:('css selector', '#username') 元素，默认定位超时时间为: 30
2019-04-09 17:22:55,825 INFO [root] [base.py (base_input:37] - [base]: 正在对:('css selector', '#username') 元素实行清空
2019-04-09 17:22:55,965 INFO [root] [page_login.py (page_input_pwd:22] - [page_loging] 对：('css selector', '#password') 元素 输入密码：123456 操作
2019-04-09 17:22:55,965 INFO [root] [base.py (base_find:21] - [base]: 正在定位:('css selector', '#password') 元素，默认定位超时时间为: 30
2019-04-09 17:22:55,980 INFO [root] [base.py (base_input:37] - [base]: 正在对:('css selector', '#password') 元素实行清空
2019-04-09 17:22:56,068 INFO [root] [page_login.py (page_input_verify_code:27] - [page_loging] 对：('css selector', '#verify_code') 元素 输入验证码：88889 操作
2019-04-09 17:22:56,068 INFO [root] [base.py (base_find:21] - [base]: 正在定位:('css selector', '#verify_code') 元素，默认定位超时时间为: 30
2019-04-09 17:22:56,109 INFO [root] [base.py (base_input:37] - [base]: 正在对:('css selector', '#verify_code') 元素实行清空
2019-04-09 17:22:56,249 INFO [root] [base.py (base_click:29] - [base]: 正在对:('css selector', '.J-login-submit') 元素实行点击事件
2019-04-09 17:22:56,249 INFO [root] [base.py (base_find:21] - [base]: 正在定位:('css selector', '.J-login-submit') 元素，默认定位超时时间为: 30
2019-04-09 17:22:56,344 INFO [root] [base.py (base_get_text:44] - [base]: 正在获取:('css selector', '.layui-layer-content') 元素文本值
2019-04-09 17:22:56,345 INFO [root] [base.py (base_find:21] - [base]: 正在定位:('css selector', '.layui-layer-content') 元素，默认定位超时时间为: 30
2019-04-09 17:22:58,683 INFO [root] [base.py (base_click:29] - [base]: 正在对:('css selector', '.layui-layer-btn0') 元素实行点击事件
2019-04-09 17:22:58,684 INFO [root] [base.py (base_find:21] - [base]: 正在定位:('css selector', '.layui-layer-btn0') 元素，默认定位超时时间为: 30
2019-04-09 17:23:09,182 INFO [root] [base.py (__init__:16] - [base]: 正在获取初始化driver对象:<selenium.webdriver.firefox.webdriver.WebDriver (session="f4a0e300-3c1c-4e25-a4bc-930b81346847")>
2019-04-09 17:23:09,183 INFO [root] [base.py (__init__:16] - [base]: 正在获取初始化driver对象:<selenium.webdriver.firefox.webdriver.WebDriver (session="f4a0e300-3c1c-4e25-a4bc-930b81346847")>
2019-04-09 17:23:09,183 INFO [root] [page_login.py (page_click_login_link:12] - [page_loging] 执行：('partial link text', '登录') 点击链接操作
2019-04-09 17:23:09,183 INFO [root] [base.py (base_click:29] - [base]: 正在对:('partial link text', '登录') 元素实行点击事件
2019-04-09 17:23:09,183 INFO [root] [base.py (base_find:21] - [base]: 正在定位:('partial link text', '登录') 元素，默认定位超时时间为: 30
2019-04-09 17:23:14,056 INFO [root] [page_login.py (page_login_success:71] - [page_loging] 正在执行登录操作, 用户名：13800001111 密码：123456, 验证码:8888
2019-04-09 17:23:14,056 INFO [root] [page_login.py (page_input_username:17] - [page_loging] 对：('css selector', '#username') 元素 输入用户名：13800001111 操作
2019-04-09 17:23:14,056 INFO [root] [base.py (base_find:21] - [base]: 正在定位:('css selector', '#username') 元素，默认定位超时时间为: 30
2019-04-09 17:23:14,103 INFO [root] [base.py (base_input:37] - [base]: 正在对:('css selector', '#username') 元素实行清空
2019-04-09 17:23:14,223 INFO [root] [page_login.py (page_input_pwd:22] - [page_loging] 对：('css selector', '#password') 元素 输入密码：123456 操作
2019-04-09 17:23:14,223 INFO [root] [base.py (base_find:21] - [base]: 正在定位:('css selector', '#password') 元素，默认定位超时时间为: 30
2019-04-09 17:23:14,250 INFO [root] [base.py (base_input:37] - [base]: 正在对:('css selector', '#password') 元素实行清空
2019-04-09 17:23:14,324 INFO [root] [page_login.py (page_input_verify_code:27] - [page_loging] 对：('css selector', '#verify_code') 元素 输入验证码：8888 操作
2019-04-09 17:23:14,324 INFO [root] [base.py (base_find:21] - [base]: 正在定位:('css selector', '#verify_code') 元素，默认定位超时时间为: 30
2019-04-09 17:23:14,334 INFO [root] [base.py (base_input:37] - [base]: 正在对:('css selector', '#verify_code') 元素实行清空
2019-04-09 17:23:14,406 INFO [root] [base.py (base_click:29] - [base]: 正在对:('css selector', '.J-login-submit') 元素实行点击事件
2019-04-09 17:23:14,406 INFO [root] [base.py (base_find:21] - [base]: 正在定位:('css selector', '.J-login-submit') 元素，默认定位超时时间为: 30
2019-04-09 17:23:18,615 INFO [root] [base.py (base_find:21] - [base]: 正在定位:('css selector', '#q') 元素，默认定位超时时间为: 30
2019-04-09 17:23:20,944 INFO [root] [base.py (base_input:37] - [base]: 正在对:('css selector', '#q') 元素实行清空
2019-04-09 17:23:21,070 INFO [root] [base.py (base_click:29] - [base]: 正在对:('css selector', '.ecsc-search-button') 元素实行点击事件
2019-04-09 17:23:21,070 INFO [root] [base.py (base_find:21] - [base]: 正在定位:('css selector', '.ecsc-search-button') 元素，默认定位超时时间为: 30
2019-04-09 17:23:24,675 INFO [root] [base.py (base_click:29] - [base]: 正在对:('css selector', '.p-btn>a') 元素实行点击事件
2019-04-09 17:23:24,675 INFO [root] [base.py (base_find:21] - [base]: 正在定位:('css selector', '.p-btn>a') 元素，默认定位超时时间为: 30
2019-04-09 17:23:24,757 INFO [root] [base.py (base_click:29] - [base]: 正在对:('css selector', '#join_cart') 元素实行点击事件
2019-04-09 17:23:24,757 INFO [root] [base.py (base_find:21] - [base]: 正在定位:('css selector', '#join_cart') 元素，默认定位超时时间为: 30
2019-04-09 17:23:32,296 INFO [root] [base.py (base_find:21] - [base]: 正在定位:('css selector', '#layui-layer-iframe1') 元素，默认定位超时时间为: 30
2019-04-09 17:23:34,275 INFO [root] [base.py (base_get_text:44] - [base]: 正在获取:('css selector', '.conect-title>span') 元素文本值
2019-04-09 17:23:34,276 INFO [root] [base.py (base_find:21] - [base]: 正在定位:('css selector', '.conect-title>span') 元素，默认定位超时时间为: 30
2019-04-09 17:23:34,338 INFO [root] [base.py (base_click:29] - [base]: 正在对:('css selector', '.layui-layer-close') 元素实行点击事件
2019-04-09 17:23:34,338 INFO [root] [base.py (base_find:21] - [base]: 正在定位:('css selector', '.layui-layer-close') 元素，默认定位超时时间为: 30
2019-04-09 17:23:44,810 INFO [root] [base.py (__init__:16] - [base]: 正在获取初始化driver对象:<selenium.webdriver.firefox.webdriver.WebDriver (session="58e11919-09d3-4907-9ccc-963dd3078ee4")>
2019-04-09 17:23:44,811 INFO [root] [page_login.py (page_click_login_link:12] - [page_loging] 执行：('partial link text', '登录') 点击链接操作
2019-04-09 17:23:44,811 INFO [root] [base.py (base_click:29] - [base]: 正在对:('partial link text', '登录') 元素实行点击事件
2019-04-09 17:23:44,811 INFO [root] [base.py (base_find:21] - [base]: 正在定位:('partial link text', '登录') 元素，默认定位超时时间为: 30
2019-04-09 17:23:47,890 INFO [root] [page_login.py (page_login_success:71] - [page_loging] 正在执行登录操作, 用户名：13800001111 密码：123456, 验证码:8888
2019-04-09 17:23:47,890 INFO [root] [page_login.py (page_input_username:17] - [page_loging] 对：('css selector', '#username') 元素 输入用户名：13800001111 操作
2019-04-09 17:23:47,891 INFO [root] [base.py (base_find:21] - [base]: 正在定位:('css selector', '#username') 元素，默认定位超时时间为: 30
2019-04-09 17:23:47,933 INFO [root] [base.py (base_input:37] - [base]: 正在对:('css selector', '#username') 元素实行清空
2019-04-09 17:23:48,042 INFO [root] [page_login.py (page_input_pwd:22] - [page_loging] 对：('css selector', '#password') 元素 输入密码：123456 操作
2019-04-09 17:23:48,042 INFO [root] [base.py (base_find:21] - [base]: 正在定位:('css selector', '#password') 元素，默认定位超时时间为: 30
2019-04-09 17:23:48,050 INFO [root] [base.py (base_input:37] - [base]: 正在对:('css selector', '#password') 元素实行清空
2019-04-09 17:23:48,172 INFO [root] [page_login.py (page_input_verify_code:27] - [page_loging] 对：('css selector', '#verify_code') 元素 输入验证码：8888 操作
2019-04-09 17:23:48,172 INFO [root] [base.py (base_find:21] - [base]: 正在定位:('css selector', '#verify_code') 元素，默认定位超时时间为: 30
2019-04-09 17:23:48,201 INFO [root] [base.py (base_input:37] - [base]: 正在对:('css selector', '#verify_code') 元素实行清空
2019-04-09 17:23:48,280 INFO [root] [base.py (base_click:29] - [base]: 正在对:('css selector', '.J-login-submit') 元素实行点击事件
2019-04-09 17:23:48,280 INFO [root] [base.py (base_find:21] - [base]: 正在定位:('css selector', '.J-login-submit') 元素，默认定位超时时间为: 30
2019-04-09 17:23:48,380 INFO [root] [base.py (__init__:16] - [base]: 正在获取初始化driver对象:<selenium.webdriver.firefox.webdriver.WebDriver (session="58e11919-09d3-4907-9ccc-963dd3078ee4")>
2019-04-09 17:23:50,447 INFO [root] [base.py (base_click:29] - [base]: 正在对:('css selector', '.c-n') 元素实行点击事件
2019-04-09 17:23:50,447 INFO [root] [base.py (base_find:21] - [base]: 正在定位:('css selector', '.c-n') 元素，默认定位超时时间为: 30
2019-04-09 17:23:54,694 INFO [root] [base.py (base_find:21] - [base]: 正在定位:('css selector', '.checkCartAll') 元素，默认定位超时时间为: 30
2019-04-09 17:23:54,808 INFO [root] [base.py (base_click:29] - [base]: 正在对:('css selector', '.gwc-qjs') 元素实行点击事件
2019-04-09 17:23:54,809 INFO [root] [base.py (base_find:21] - [base]: 正在定位:('css selector', '.gwc-qjs') 元素，默认定位超时时间为: 30
2019-04-09 17:23:57,397 INFO [root] [base.py (base_find:21] - [base]: 正在定位:('css selector', '.consignee>b') 元素，默认定位超时时间为: 30
2019-04-09 17:23:58,964 INFO [root] [base.py (base_click:29] - [base]: 正在对:('css selector', '.Sub-orders') 元素实行点击事件
2019-04-09 17:23:58,964 INFO [root] [base.py (base_find:21] - [base]: 正在定位:('css selector', '.Sub-orders') 元素，默认定位超时时间为: 30
2019-04-09 17:23:59,056 INFO [root] [base.py (base_get_text:44] - [base]: 正在获取:('css selector', '.erhuh>h3') 元素文本值
2019-04-09 17:23:59,057 INFO [root] [base.py (base_find:21] - [base]: 正在定位:('css selector', '.erhuh>h3') 元素，默认定位超时时间为: 30
2019-04-09 17:24:15,331 INFO [root] [base.py (__init__:16] - [base]: 正在获取初始化driver对象:<selenium.webdriver.firefox.webdriver.WebDriver (session="6b14e1d1-6d19-4888-af65-fde91284d5ac")>
2019-04-09 17:24:15,332 INFO [root] [page_login.py (page_click_login_link:12] - [page_loging] 执行：('partial link text', '登录') 点击链接操作
2019-04-09 17:24:15,332 INFO [root] [base.py (base_click:29] - [base]: 正在对:('partial link text', '登录') 元素实行点击事件
2019-04-09 17:24:15,333 INFO [root] [base.py (base_find:21] - [base]: 正在定位:('partial link text', '登录') 元素，默认定位超时时间为: 30
2019-04-09 17:24:19,164 INFO [root] [page_login.py (page_login_success:71] - [page_loging] 正在执行登录操作, 用户名：13800001111 密码：123456, 验证码:8888
2019-04-09 17:24:19,164 INFO [root] [page_login.py (page_input_username:17] - [page_loging] 对：('css selector', '#username') 元素 输入用户名：13800001111 操作
2019-04-09 17:24:19,164 INFO [root] [base.py (base_find:21] - [base]: 正在定位:('css selector', '#username') 元素，默认定位超时时间为: 30
2019-04-09 17:24:19,190 INFO [root] [base.py (base_input:37] - [base]: 正在对:('css selector', '#username') 元素实行清空
2019-04-09 17:24:19,700 INFO [root] [page_login.py (page_input_pwd:22] - [page_loging] 对：('css selector', '#password') 元素 输入密码：123456 操作
2019-04-09 17:24:19,700 INFO [root] [base.py (base_find:21] - [base]: 正在定位:('css selector', '#password') 元素，默认定位超时时间为: 30
2019-04-09 17:24:19,744 INFO [root] [base.py (base_input:37] - [base]: 正在对:('css selector', '#password') 元素实行清空
2019-04-09 17:24:19,833 INFO [root] [page_login.py (page_input_verify_code:27] - [page_loging] 对：('css selector', '#verify_code') 元素 输入验证码：8888 操作
2019-04-09 17:24:19,833 INFO [root] [base.py (base_find:21] - [base]: 正在定位:('css selector', '#verify_code') 元素，默认定位超时时间为: 30
2019-04-09 17:24:19,846 INFO [root] [base.py (base_input:37] - [base]: 正在对:('css selector', '#verify_code') 元素实行清空
2019-04-09 17:24:19,963 INFO [root] [base.py (base_click:29] - [base]: 正在对:('css selector', '.J-login-submit') 元素实行点击事件
2019-04-09 17:24:19,963 INFO [root] [base.py (base_find:21] - [base]: 正在定位:('css selector', '.J-login-submit') 元素，默认定位超时时间为: 30
2019-04-09 17:24:20,051 INFO [root] [base.py (__init__:16] - [base]: 正在获取初始化driver对象:<selenium.webdriver.firefox.webdriver.WebDriver (session="6b14e1d1-6d19-4888-af65-fde91284d5ac")>
2019-04-09 17:24:22,089 INFO [root] [base.py (base_click:29] - [base]: 正在对:('partial link text', '我的订单') 元素实行点击事件
2019-04-09 17:24:22,089 INFO [root] [base.py (base_find:21] - [base]: 正在定位:('partial link text', '我的订单') 元素，默认定位超时时间为: 30
2019-04-09 17:24:24,228 INFO [root] [base.py (base_switch_to_window:77] - 正在执行切换title值为：我的订单窗口 
2019-04-09 17:24:24,313 INFO [root] [base.py (base_get_title_handle:84] - 正在遍历handles：{383ee02f-19ee-418d-b2d7-aec9c895f02d}-->['{383ee02f-19ee-418d-b2d7-aec9c895f02d}', '{c967509d-248b-4b70-bafb-86b17e3ef8f9}']
2019-04-09 17:24:24,383 INFO [root] [base.py (base_get_title_handle:87] - 切换 :{383ee02f-19ee-418d-b2d7-aec9c895f02d} 窗口
2019-04-09 17:24:24,393 INFO [root] [base.py (base_get_title_handle:89] - 判断当前页面title:首页-开源商城 | B2C商城 | B2B2C商城 | 三级分销 | 免费商城 | 多用户商城 | tpshop｜thinkphp shop｜TPshop 免费开源系统 | 微商城 是否等于指定的title:我的订单
2019-04-09 17:24:24,458 INFO [root] [base.py (base_get_title_handle:84] - 正在遍历handles：{c967509d-248b-4b70-bafb-86b17e3ef8f9}-->['{383ee02f-19ee-418d-b2d7-aec9c895f02d}', '{c967509d-248b-4b70-bafb-86b17e3ef8f9}']
2019-04-09 17:24:24,555 INFO [root] [base.py (base_get_title_handle:87] - 切换 :{c967509d-248b-4b70-bafb-86b17e3ef8f9} 窗口
2019-04-09 17:24:27,598 INFO [root] [base.py (base_get_title_handle:89] - 判断当前页面title:我的订单 是否等于指定的title:我的订单
2019-04-09 17:24:27,609 INFO [root] [base.py (base_get_title_handle:91] - 条件成立！ 返回当前handle{c967509d-248b-4b70-bafb-86b17e3ef8f9}
2019-04-09 17:24:27,615 INFO [root] [base.py (base_click:29] - [base]: 正在对:('css selector', '.ps_lj') 元素实行点击事件
2019-04-09 17:24:27,615 INFO [root] [base.py (base_find:21] - [base]: 正在定位:('css selector', '.ps_lj') 元素，默认定位超时时间为: 30
2019-04-09 17:24:28,130 INFO [root] [base.py (base_switch_to_window:77] - 正在执行切换title值为：订单支付-开源商城 | B2C商城 | B2B2C商城 | 三级分销 | 免费商城 | 多用户商城 | tpshop｜thinkphp shop｜TPshop 免费开源系统 | 微商城窗口 
2019-04-09 17:24:28,256 INFO [root] [base.py (base_get_title_handle:84] - 正在遍历handles：{383ee02f-19ee-418d-b2d7-aec9c895f02d}-->['{383ee02f-19ee-418d-b2d7-aec9c895f02d}', '{c967509d-248b-4b70-bafb-86b17e3ef8f9}', '{05c63edd-d086-4107-855e-a91f0f133f3b}']
2019-04-09 17:24:28,340 INFO [root] [base.py (base_get_title_handle:87] - 切换 :{383ee02f-19ee-418d-b2d7-aec9c895f02d} 窗口
2019-04-09 17:24:28,403 INFO [root] [base.py (base_get_title_handle:89] - 判断当前页面title:首页-开源商城 | B2C商城 | B2B2C商城 | 三级分销 | 免费商城 | 多用户商城 | tpshop｜thinkphp shop｜TPshop 免费开源系统 | 微商城 是否等于指定的title:订单支付-开源商城 | B2C商城 | B2B2C商城 | 三级分销 | 免费商城 | 多用户商城 | tpshop｜thinkphp shop｜TPshop 免费开源系统 | 微商城
2019-04-09 17:24:28,452 INFO [root] [base.py (base_get_title_handle:84] - 正在遍历handles：{c967509d-248b-4b70-bafb-86b17e3ef8f9}-->['{383ee02f-19ee-418d-b2d7-aec9c895f02d}', '{c967509d-248b-4b70-bafb-86b17e3ef8f9}', '{05c63edd-d086-4107-855e-a91f0f133f3b}']
2019-04-09 17:24:28,522 INFO [root] [base.py (base_get_title_handle:87] - 切换 :{c967509d-248b-4b70-bafb-86b17e3ef8f9} 窗口
2019-04-09 17:24:28,535 INFO [root] [base.py (base_get_title_handle:89] - 判断当前页面title:我的订单 是否等于指定的title:订单支付-开源商城 | B2C商城 | B2B2C商城 | 三级分销 | 免费商城 | 多用户商城 | tpshop｜thinkphp shop｜TPshop 免费开源系统 | 微商城
2019-04-09 17:24:28,588 INFO [root] [base.py (base_get_title_handle:84] - 正在遍历handles：{05c63edd-d086-4107-855e-a91f0f133f3b}-->['{383ee02f-19ee-418d-b2d7-aec9c895f02d}', '{c967509d-248b-4b70-bafb-86b17e3ef8f9}', '{05c63edd-d086-4107-855e-a91f0f133f3b}']
2019-04-09 17:24:28,664 INFO [root] [base.py (base_get_title_handle:87] - 切换 :{05c63edd-d086-4107-855e-a91f0f133f3b} 窗口
2019-04-09 17:24:33,565 INFO [root] [base.py (base_get_title_handle:89] - 判断当前页面title:订单支付-开源商城 | B2C商城 | B2B2C商城 | 三级分销 | 免费商城 | 多用户商城 | tpshop｜thinkphp shop｜TPshop 免费开源系统 | 微商城 是否等于指定的title:订单支付-开源商城 | B2C商城 | B2B2C商城 | 三级分销 | 免费商城 | 多用户商城 | tpshop｜thinkphp shop｜TPshop 免费开源系统 | 微商城
2019-04-09 17:24:33,577 INFO [root] [base.py (base_get_title_handle:91] - 条件成立！ 返回当前handle{05c63edd-d086-4107-855e-a91f0f133f3b}
2019-04-09 17:24:33,582 INFO [root] [base.py (base_click:29] - [base]: 正在对:('css selector', "[src='/plugins/payment/cod/logo.jpg']") 元素实行点击事件
2019-04-09 17:24:33,582 INFO [root] [base.py (base_find:21] - [base]: 正在定位:('css selector', "[src='/plugins/payment/cod/logo.jpg']") 元素，默认定位超时时间为: 30
2019-04-09 17:24:33,682 INFO [root] [base.py (base_click:29] - [base]: 正在对:('css selector', '.button-confirm-payment') 元素实行点击事件
2019-04-09 17:24:33,683 INFO [root] [base.py (base_find:21] - [base]: 正在定位:('css selector', '.button-confirm-payment') 元素，默认定位超时时间为: 30
2019-04-09 17:24:35,197 INFO [root] [base.py (base_get_text:44] - [base]: 正在获取:('css selector', '.erhuh>h3') 元素文本值
2019-04-09 17:24:35,197 INFO [root] [base.py (base_find:21] - [base]: 正在定位:('css selector', '.erhuh>h3') 元素，默认定位超时时间为: 30
2019-04-09 17:24:36,824 INFO [root] [base.py (base_get_text:44] - [base]: 正在获取:('css selector', '.erhuh>h3') 元素文本值
2019-04-09 17:24:36,824 INFO [root] [base.py (base_find:21] - [base]: 正在定位:('css selector', '.erhuh>h3') 元素，默认定位超时时间为: 30
